2020-02-27 15:07:09.692 [restartedMain] DEBUG com.ldh.DemoApplication - Running with Spring Boot v2.2.4.RELEASE, Spring v5.2.3.RELEASE
2020-02-27 15:07:14.674 [restartedMain] DEBUG com.zaxxer.hikari.HikariConfig - Driver class com.mysql.cj.jdbc.Driver found in Thread context class loader org.springframework.boot.devtools.restart.classloader.RestartClassLoader@60f70f10
2020-02-27 15:27:00.033 [http-nio-5555-exec-24] DEBUG com.zaxxer.hikari.HikariConfig - HikariPool-1 - configuration:
2020-02-27 15:27:00.038 [http-nio-5555-exec-24] DEBUG com.zaxxer.hikari.HikariConfig - allowPoolSuspension.............false
2020-02-27 15:27:00.039 [http-nio-5555-exec-24] DEBUG com.zaxxer.hikari.HikariConfig - autoCommit......................true
2020-02-27 15:27:00.039 [http-nio-5555-exec-24] DEBUG com.zaxxer.hikari.HikariConfig - catalog.........................none
2020-02-27 15:27:00.040 [http-nio-5555-exec-24] DEBUG com.zaxxer.hikari.HikariConfig - connectionInitSql...............none
2020-02-27 15:27:00.040 [http-nio-5555-exec-24] DEBUG com.zaxxer.hikari.HikariConfig - connectionTestQuery.............none
2020-02-27 15:27:00.041 [http-nio-5555-exec-24] DEBUG com.zaxxer.hikari.HikariConfig - connectionTimeout...............30000
2020-02-27 15:27:00.042 [http-nio-5555-exec-24] DEBUG com.zaxxer.hikari.HikariConfig - dataSource......................none
2020-02-27 15:27:00.042 [http-nio-5555-exec-24] DEBUG com.zaxxer.hikari.HikariConfig - dataSourceClassName.............none
2020-02-27 15:27:00.042 [http-nio-5555-exec-24] DEBUG com.zaxxer.hikari.HikariConfig - dataSourceJNDI..................none
2020-02-27 15:27:00.043 [http-nio-5555-exec-24] DEBUG com.zaxxer.hikari.HikariConfig - dataSourceProperties............{password=<masked>}
2020-02-27 15:27:00.043 [http-nio-5555-exec-24] DEBUG com.zaxxer.hikari.HikariConfig - driverClassName................."com.mysql.cj.jdbc.Driver"
2020-02-27 15:27:00.044 [http-nio-5555-exec-24] DEBUG com.zaxxer.hikari.HikariConfig - healthCheckProperties...........{}
2020-02-27 15:27:00.044 [http-nio-5555-exec-24] DEBUG com.zaxxer.hikari.HikariConfig - healthCheckRegistry.............none
2020-02-27 15:27:00.044 [http-nio-5555-exec-24] DEBUG com.zaxxer.hikari.HikariConfig - idleTimeout.....................600000
2020-02-27 15:27:00.044 [http-nio-5555-exec-24] DEBUG com.zaxxer.hikari.HikariConfig - initializationFailTimeout.......1
2020-02-27 15:27:00.045 [http-nio-5555-exec-24] DEBUG com.zaxxer.hikari.HikariConfig - isolateInternalQueries..........false
2020-02-27 15:27:00.045 [http-nio-5555-exec-24] DEBUG com.zaxxer.hikari.HikariConfig - jdbcUrl.........................jdbc:mysql://localhost:3306/ldh?serverTimezone=CTT&allowMultiQueries=true&useUnicode=true&characterEncoding=UTF-8&&useSSL=false
2020-02-27 15:27:00.045 [http-nio-5555-exec-24] DEBUG com.zaxxer.hikari.HikariConfig - leakDetectionThreshold..........0
2020-02-27 15:27:00.045 [http-nio-5555-exec-24] DEBUG com.zaxxer.hikari.HikariConfig - maxLifetime.....................1800000
2020-02-27 15:27:00.045 [http-nio-5555-exec-24] DEBUG com.zaxxer.hikari.HikariConfig - maximumPoolSize.................10
2020-02-27 15:27:00.045 [http-nio-5555-exec-24] DEBUG com.zaxxer.hikari.HikariConfig - metricRegistry..................none
2020-02-27 15:27:00.046 [http-nio-5555-exec-24] DEBUG com.zaxxer.hikari.HikariConfig - metricsTrackerFactory...........none
2020-02-27 15:27:00.046 [http-nio-5555-exec-24] DEBUG com.zaxxer.hikari.HikariConfig - minimumIdle.....................10
2020-02-27 15:27:00.046 [http-nio-5555-exec-24] DEBUG com.zaxxer.hikari.HikariConfig - password........................<masked>
2020-02-27 15:27:00.046 [http-nio-5555-exec-24] DEBUG com.zaxxer.hikari.HikariConfig - poolName........................"HikariPool-1"
2020-02-27 15:27:00.047 [http-nio-5555-exec-24] DEBUG com.zaxxer.hikari.HikariConfig - readOnly........................false
2020-02-27 15:27:00.048 [http-nio-5555-exec-24] DEBUG com.zaxxer.hikari.HikariConfig - registerMbeans..................false
2020-02-27 15:27:00.048 [http-nio-5555-exec-24] DEBUG com.zaxxer.hikari.HikariConfig - scheduledExecutor...............none
2020-02-27 15:27:00.048 [http-nio-5555-exec-24] DEBUG com.zaxxer.hikari.HikariConfig - schema..........................none
2020-02-27 15:27:00.049 [http-nio-5555-exec-24] DEBUG com.zaxxer.hikari.HikariConfig - threadFactory...................internal
2020-02-27 15:27:00.049 [http-nio-5555-exec-24] DEBUG com.zaxxer.hikari.HikariConfig - transactionIsolation............default
2020-02-27 15:27:00.049 [http-nio-5555-exec-24] DEBUG com.zaxxer.hikari.HikariConfig - username........................"root"
2020-02-27 15:27:00.050 [http-nio-5555-exec-24] DEBUG com.zaxxer.hikari.HikariConfig - validationTimeout...............5000
2020-02-27 15:27:00.930 [http-nio-5555-exec-24] DEBUG com.zaxxer.hikari.pool.HikariPool - HikariPool-1 - Added connection com.mysql.cj.jdbc.ConnectionImpl@6aceb0a1
2020-02-27 15:27:00.944 [http-nio-5555-exec-24] DEBUG c.l.s.d.S.selectByPrimaryKey - ==>  Preparing: select id, name, age, addr, height, weight from student where id = ? 
2020-02-27 15:27:00.998 [http-nio-5555-exec-24] DEBUG c.l.s.d.S.selectByPrimaryKey - ==> Parameters: 1(Integer)
2020-02-27 15:27:01.036 [HikariPool-1 housekeeper] DEBUG com.zaxxer.hikari.pool.HikariPool - HikariPool-1 - Pool stats (total=1, active=1, idle=0, waiting=0)
2020-02-27 15:27:01.043 [HikariPool-1 connection adder] DEBUG com.zaxxer.hikari.pool.HikariPool - HikariPool-1 - Added connection com.mysql.cj.jdbc.ConnectionImpl@383465c1
2020-02-27 15:27:01.049 [HikariPool-1 connection adder] DEBUG com.zaxxer.hikari.pool.HikariPool - HikariPool-1 - Added connection com.mysql.cj.jdbc.ConnectionImpl@79096ffa
2020-02-27 15:27:01.056 [HikariPool-1 connection adder] DEBUG com.zaxxer.hikari.pool.HikariPool - HikariPool-1 - Added connection com.mysql.cj.jdbc.ConnectionImpl@483a709a
2020-02-27 15:27:01.060 [HikariPool-1 connection adder] DEBUG com.zaxxer.hikari.pool.HikariPool - HikariPool-1 - Added connection com.mysql.cj.jdbc.ConnectionImpl@192690b5
2020-02-27 15:27:01.067 [HikariPool-1 connection adder] DEBUG com.zaxxer.hikari.pool.HikariPool - HikariPool-1 - Added connection com.mysql.cj.jdbc.ConnectionImpl@9d94ba0
2020-02-27 15:27:01.071 [HikariPool-1 connection adder] DEBUG com.zaxxer.hikari.pool.HikariPool - HikariPool-1 - Added connection com.mysql.cj.jdbc.ConnectionImpl@1d686d2a
2020-02-27 15:27:01.076 [HikariPool-1 connection adder] DEBUG com.zaxxer.hikari.pool.HikariPool - HikariPool-1 - Added connection com.mysql.cj.jdbc.ConnectionImpl@77a67615
2020-02-27 15:27:01.082 [http-nio-5555-exec-24] DEBUG c.l.s.d.S.selectByPrimaryKey - <==      Total: 11
2020-02-27 15:27:01.085 [HikariPool-1 connection adder] DEBUG com.zaxxer.hikari.pool.HikariPool - HikariPool-1 - Added connection com.mysql.cj.jdbc.ConnectionImpl@a8e7678
2020-02-27 15:27:01.090 [HikariPool-1 connection adder] DEBUG com.zaxxer.hikari.pool.HikariPool - HikariPool-1 - Added connection com.mysql.cj.jdbc.ConnectionImpl@2d3f0555
2020-02-27 15:27:01.090 [HikariPool-1 connection adder] DEBUG com.zaxxer.hikari.pool.HikariPool - HikariPool-1 - After adding stats (total=10, active=1, idle=9, waiting=0)
2020-02-27 15:27:31.037 [HikariPool-1 housekeeper] DEBUG com.zaxxer.hikari.pool.HikariPool - HikariPool-1 - Pool stats (total=10, active=0, idle=10, waiting=0)
2020-02-27 15:28:01.039 [HikariPool-1 housekeeper] DEBUG com.zaxxer.hikari.pool.HikariPool - HikariPool-1 - Pool stats (total=10, active=0, idle=10, waiting=0)
2020-02-27 15:28:31.042 [HikariPool-1 housekeeper] DEBUG com.zaxxer.hikari.pool.HikariPool - HikariPool-1 - Pool stats (total=10, active=0, idle=10, waiting=0)
2020-02-27 15:29:01.043 [HikariPool-1 housekeeper] DEBUG com.zaxxer.hikari.pool.HikariPool - HikariPool-1 - Pool stats (total=10, active=0, idle=10, waiting=0)
2020-02-27 15:29:31.045 [HikariPool-1 housekeeper] DEBUG com.zaxxer.hikari.pool.HikariPool - HikariPool-1 - Pool stats (total=10, active=0, idle=10, waiting=0)
2020-02-27 15:30:01.047 [HikariPool-1 housekeeper] DEBUG com.zaxxer.hikari.pool.HikariPool - HikariPool-1 - Pool stats (total=10, active=0, idle=10, waiting=0)
2020-02-27 15:30:31.048 [HikariPool-1 housekeeper] DEBUG com.zaxxer.hikari.pool.HikariPool - HikariPool-1 - Pool stats (total=10, active=0, idle=10, waiting=0)
2020-02-27 15:31:01.050 [HikariPool-1 housekeeper] DEBUG com.zaxxer.hikari.pool.HikariPool - HikariPool-1 - Pool stats (total=10, active=0, idle=10, waiting=0)
2020-02-27 15:31:31.051 [HikariPool-1 housekeeper] DEBUG com.zaxxer.hikari.pool.HikariPool - HikariPool-1 - Pool stats (total=10, active=0, idle=10, waiting=0)
2020-02-27 15:32:01.052 [HikariPool-1 housekeeper] DEBUG com.zaxxer.hikari.pool.HikariPool - HikariPool-1 - Pool stats (total=10, active=0, idle=10, waiting=0)
2020-02-27 15:32:31.053 [HikariPool-1 housekeeper] DEBUG com.zaxxer.hikari.pool.HikariPool - HikariPool-1 - Pool stats (total=10, active=0, idle=10, waiting=0)
2020-02-27 15:33:01.054 [HikariPool-1 housekeeper] DEBUG com.zaxxer.hikari.pool.HikariPool - HikariPool-1 - Pool stats (total=10, active=0, idle=10, waiting=0)
2020-02-27 15:33:31.055 [HikariPool-1 housekeeper] DEBUG com.zaxxer.hikari.pool.HikariPool - HikariPool-1 - Pool stats (total=10, active=0, idle=10, waiting=0)
2020-02-27 15:34:01.057 [HikariPool-1 housekeeper] DEBUG com.zaxxer.hikari.pool.HikariPool - HikariPool-1 - Pool stats (total=10, active=0, idle=10, waiting=0)
2020-02-27 15:34:31.059 [HikariPool-1 housekeeper] DEBUG com.zaxxer.hikari.pool.HikariPool - HikariPool-1 - Pool stats (total=10, active=0, idle=10, waiting=0)
2020-02-27 15:35:01.060 [HikariPool-1 housekeeper] DEBUG com.zaxxer.hikari.pool.HikariPool - HikariPool-1 - Pool stats (total=10, active=0, idle=10, waiting=0)
2020-02-27 15:35:31.061 [HikariPool-1 housekeeper] DEBUG com.zaxxer.hikari.pool.HikariPool - HikariPool-1 - Pool stats (total=10, active=0, idle=10, waiting=0)
2020-02-27 15:36:01.063 [HikariPool-1 housekeeper] DEBUG com.zaxxer.hikari.pool.HikariPool - HikariPool-1 - Pool stats (total=10, active=0, idle=10, waiting=0)
2020-02-27 15:36:31.065 [HikariPool-1 housekeeper] DEBUG com.zaxxer.hikari.pool.HikariPool - HikariPool-1 - Pool stats (total=10, active=0, idle=10, waiting=0)
2020-02-27 15:37:01.067 [HikariPool-1 housekeeper] DEBUG com.zaxxer.hikari.pool.HikariPool - HikariPool-1 - Pool stats (total=10, active=0, idle=10, waiting=0)
2020-02-27 15:37:31.068 [HikariPool-1 housekeeper] DEBUG com.zaxxer.hikari.pool.HikariPool - HikariPool-1 - Pool stats (total=10, active=0, idle=10, waiting=0)
2020-02-27 15:38:01.070 [HikariPool-1 housekeeper] DEBUG com.zaxxer.hikari.pool.HikariPool - HikariPool-1 - Pool stats (total=10, active=0, idle=10, waiting=0)
2020-02-27 15:38:31.071 [HikariPool-1 housekeeper] DEBUG com.zaxxer.hikari.pool.HikariPool - HikariPool-1 - Pool stats (total=10, active=0, idle=10, waiting=0)
2020-02-27 15:39:01.072 [HikariPool-1 housekeeper] DEBUG com.zaxxer.hikari.pool.HikariPool - HikariPool-1 - Pool stats (total=10, active=0, idle=10, waiting=0)
2020-02-27 15:39:31.075 [HikariPool-1 housekeeper] DEBUG com.zaxxer.hikari.pool.HikariPool - HikariPool-1 - Pool stats (total=10, active=0, idle=10, waiting=0)
2020-02-27 15:40:01.077 [HikariPool-1 housekeeper] DEBUG com.zaxxer.hikari.pool.HikariPool - HikariPool-1 - Pool stats (total=10, active=0, idle=10, waiting=0)
2020-02-27 15:40:31.077 [HikariPool-1 housekeeper] DEBUG com.zaxxer.hikari.pool.HikariPool - HikariPool-1 - Pool stats (total=10, active=0, idle=10, waiting=0)
2020-02-27 15:41:01.079 [HikariPool-1 housekeeper] DEBUG com.zaxxer.hikari.pool.HikariPool - HikariPool-1 - Pool stats (total=10, active=0, idle=10, waiting=0)
2020-02-27 15:41:31.081 [HikariPool-1 housekeeper] DEBUG com.zaxxer.hikari.pool.HikariPool - HikariPool-1 - Pool stats (total=10, active=0, idle=10, waiting=0)
2020-02-27 15:42:01.082 [HikariPool-1 housekeeper] DEBUG com.zaxxer.hikari.pool.HikariPool - HikariPool-1 - Pool stats (total=10, active=0, idle=10, waiting=0)
2020-02-27 15:42:31.083 [HikariPool-1 housekeeper] DEBUG com.zaxxer.hikari.pool.HikariPool - HikariPool-1 - Pool stats (total=10, active=0, idle=10, waiting=0)
2020-02-27 15:43:01.086 [HikariPool-1 housekeeper] DEBUG com.zaxxer.hikari.pool.HikariPool - HikariPool-1 - Pool stats (total=10, active=0, idle=10, waiting=0)
2020-02-27 15:43:31.086 [HikariPool-1 housekeeper] DEBUG com.zaxxer.hikari.pool.HikariPool - HikariPool-1 - Pool stats (total=10, active=0, idle=10, waiting=0)
2020-02-27 15:44:01.088 [HikariPool-1 housekeeper] DEBUG com.zaxxer.hikari.pool.HikariPool - HikariPool-1 - Pool stats (total=10, active=0, idle=10, waiting=0)
2020-02-27 15:44:31.090 [HikariPool-1 housekeeper] DEBUG com.zaxxer.hikari.pool.HikariPool - HikariPool-1 - Pool stats (total=10, active=0, idle=10, waiting=0)
2020-02-27 15:45:01.091 [HikariPool-1 housekeeper] DEBUG com.zaxxer.hikari.pool.HikariPool - HikariPool-1 - Pool stats (total=10, active=0, idle=10, waiting=0)
2020-02-27 15:45:31.093 [HikariPool-1 housekeeper] DEBUG com.zaxxer.hikari.pool.HikariPool - HikariPool-1 - Pool stats (total=10, active=0, idle=10, waiting=0)
2020-02-27 15:46:01.094 [HikariPool-1 housekeeper] DEBUG com.zaxxer.hikari.pool.HikariPool - HikariPool-1 - Pool stats (total=10, active=0, idle=10, waiting=0)
2020-02-27 15:46:31.096 [HikariPool-1 housekeeper] DEBUG com.zaxxer.hikari.pool.HikariPool - HikariPool-1 - Pool stats (total=10, active=0, idle=10, waiting=0)
2020-02-27 15:47:01.097 [HikariPool-1 housekeeper] DEBUG com.zaxxer.hikari.pool.HikariPool - HikariPool-1 - Pool stats (total=10, active=0, idle=10, waiting=0)
2020-02-27 15:47:31.098 [HikariPool-1 housekeeper] DEBUG com.zaxxer.hikari.pool.HikariPool - HikariPool-1 - Pool stats (total=10, active=0, idle=10, waiting=0)
2020-02-27 15:48:01.099 [HikariPool-1 housekeeper] DEBUG com.zaxxer.hikari.pool.HikariPool - HikariPool-1 - Pool stats (total=10, active=0, idle=10, waiting=0)
2020-02-27 15:48:31.100 [HikariPool-1 housekeeper] DEBUG com.zaxxer.hikari.pool.HikariPool - HikariPool-1 - Pool stats (total=10, active=0, idle=10, waiting=0)
2020-02-27 15:49:01.102 [HikariPool-1 housekeeper] DEBUG com.zaxxer.hikari.pool.HikariPool - HikariPool-1 - Pool stats (total=10, active=0, idle=10, waiting=0)
2020-02-27 15:49:31.104 [HikariPool-1 housekeeper] DEBUG com.zaxxer.hikari.pool.HikariPool - HikariPool-1 - Pool stats (total=10, active=0, idle=10, waiting=0)
2020-02-27 15:50:01.105 [HikariPool-1 housekeeper] DEBUG com.zaxxer.hikari.pool.HikariPool - HikariPool-1 - Pool stats (total=10, active=0, idle=10, waiting=0)
2020-02-27 15:50:31.106 [HikariPool-1 housekeeper] DEBUG com.zaxxer.hikari.pool.HikariPool - HikariPool-1 - Pool stats (total=10, active=0, idle=10, waiting=0)
2020-02-27 15:51:01.107 [HikariPool-1 housekeeper] DEBUG com.zaxxer.hikari.pool.HikariPool - HikariPool-1 - Pool stats (total=10, active=0, idle=10, waiting=0)
2020-02-27 15:51:31.108 [HikariPool-1 housekeeper] DEBUG com.zaxxer.hikari.pool.HikariPool - HikariPool-1 - Pool stats (total=10, active=0, idle=10, waiting=0)
2020-02-27 15:52:01.110 [HikariPool-1 housekeeper] DEBUG com.zaxxer.hikari.pool.HikariPool - HikariPool-1 - Pool stats (total=10, active=0, idle=10, waiting=0)
2020-02-27 15:52:31.111 [HikariPool-1 housekeeper] DEBUG com.zaxxer.hikari.pool.HikariPool - HikariPool-1 - Pool stats (total=10, active=0, idle=10, waiting=0)
2020-02-27 15:53:01.111 [HikariPool-1 housekeeper] DEBUG com.zaxxer.hikari.pool.HikariPool - HikariPool-1 - Pool stats (total=10, active=0, idle=10, waiting=0)
2020-02-27 15:53:31.113 [HikariPool-1 housekeeper] DEBUG com.zaxxer.hikari.pool.HikariPool - HikariPool-1 - Pool stats (total=10, active=0, idle=10, waiting=0)
2020-02-27 15:54:01.113 [HikariPool-1 housekeeper] DEBUG com.zaxxer.hikari.pool.HikariPool - HikariPool-1 - Pool stats (total=10, active=0, idle=10, waiting=0)
2020-02-27 15:54:31.115 [HikariPool-1 housekeeper] DEBUG com.zaxxer.hikari.pool.HikariPool - HikariPool-1 - Pool stats (total=10, active=0, idle=10, waiting=0)
2020-02-27 15:55:01.116 [HikariPool-1 housekeeper] DEBUG com.zaxxer.hikari.pool.HikariPool - HikariPool-1 - Pool stats (total=10, active=0, idle=10, waiting=0)
2020-02-27 15:55:31.118 [HikariPool-1 housekeeper] DEBUG com.zaxxer.hikari.pool.HikariPool - HikariPool-1 - Pool stats (total=10, active=0, idle=10, waiting=0)
2020-02-27 15:56:01.120 [HikariPool-1 housekeeper] DEBUG com.zaxxer.hikari.pool.HikariPool - HikariPool-1 - Pool stats (total=10, active=0, idle=10, waiting=0)
2020-02-27 15:56:18.658 [HikariPool-1 connection closer] DEBUG com.zaxxer.hikari.pool.PoolBase - HikariPool-1 - Closing connection com.mysql.cj.jdbc.ConnectionImpl@383465c1: (connection has passed maxLifetime)
2020-02-27 15:56:18.664 [HikariPool-1 connection adder] DEBUG com.zaxxer.hikari.pool.HikariPool - HikariPool-1 - Added connection com.mysql.cj.jdbc.ConnectionImpl@69f77e2e
2020-02-27 15:56:21.478 [HikariPool-1 connection closer] DEBUG com.zaxxer.hikari.pool.PoolBase - HikariPool-1 - Closing connection com.mysql.cj.jdbc.ConnectionImpl@9d94ba0: (connection has passed maxLifetime)
2020-02-27 15:56:21.482 [HikariPool-1 connection adder] DEBUG com.zaxxer.hikari.pool.HikariPool - HikariPool-1 - Added connection com.mysql.cj.jdbc.ConnectionImpl@28ca7415
2020-02-27 15:56:29.635 [HikariPool-1 connection closer] DEBUG com.zaxxer.hikari.pool.PoolBase - HikariPool-1 - Closing connection com.mysql.cj.jdbc.ConnectionImpl@77a67615: (connection has passed maxLifetime)
2020-02-27 15:56:29.641 [HikariPool-1 connection adder] DEBUG com.zaxxer.hikari.pool.HikariPool - HikariPool-1 - Added connection com.mysql.cj.jdbc.ConnectionImpl@7e9fd719
2020-02-27 15:56:31.122 [HikariPool-1 housekeeper] DEBUG com.zaxxer.hikari.pool.HikariPool - HikariPool-1 - Pool stats (total=10, active=0, idle=10, waiting=0)
2020-02-27 15:56:31.541 [HikariPool-1 connection closer] DEBUG com.zaxxer.hikari.pool.PoolBase - HikariPool-1 - Closing connection com.mysql.cj.jdbc.ConnectionImpl@a8e7678: (connection has passed maxLifetime)
2020-02-27 15:56:31.545 [HikariPool-1 connection adder] DEBUG com.zaxxer.hikari.pool.HikariPool - HikariPool-1 - Added connection com.mysql.cj.jdbc.ConnectionImpl@3fa2dd22
2020-02-27 15:56:35.694 [HikariPool-1 connection closer] DEBUG com.zaxxer.hikari.pool.PoolBase - HikariPool-1 - Closing connection com.mysql.cj.jdbc.ConnectionImpl@192690b5: (connection has passed maxLifetime)
2020-02-27 15:56:35.698 [HikariPool-1 connection adder] DEBUG com.zaxxer.hikari.pool.HikariPool - HikariPool-1 - Added connection com.mysql.cj.jdbc.ConnectionImpl@e57a74b
2020-02-27 15:56:36.991 [HikariPool-1 connection closer] DEBUG com.zaxxer.hikari.pool.PoolBase - HikariPool-1 - Closing connection com.mysql.cj.jdbc.ConnectionImpl@6aceb0a1: (connection has passed maxLifetime)
2020-02-27 15:56:36.996 [HikariPool-1 connection adder] DEBUG com.zaxxer.hikari.pool.HikariPool - HikariPool-1 - Added connection com.mysql.cj.jdbc.ConnectionImpl@665da39d
2020-02-27 15:56:38.689 [HikariPool-1 connection closer] DEBUG com.zaxxer.hikari.pool.PoolBase - HikariPool-1 - Closing connection com.mysql.cj.jdbc.ConnectionImpl@483a709a: (connection has passed maxLifetime)
2020-02-27 15:56:38.693 [HikariPool-1 connection adder] DEBUG com.zaxxer.hikari.pool.HikariPool - HikariPool-1 - Added connection com.mysql.cj.jdbc.ConnectionImpl@5bc31951
2020-02-27 15:56:39.252 [HikariPool-1 connection closer] DEBUG com.zaxxer.hikari.pool.PoolBase - HikariPool-1 - Closing connection com.mysql.cj.jdbc.ConnectionImpl@1d686d2a: (connection has passed maxLifetime)
2020-02-27 15:56:39.256 [HikariPool-1 connection adder] DEBUG com.zaxxer.hikari.pool.HikariPool - HikariPool-1 - Added connection com.mysql.cj.jdbc.ConnectionImpl@1c1a367f
2020-02-27 15:56:40.620 [HikariPool-1 connection closer] DEBUG com.zaxxer.hikari.pool.PoolBase - HikariPool-1 - Closing connection com.mysql.cj.jdbc.ConnectionImpl@79096ffa: (connection has passed maxLifetime)
2020-02-27 15:56:40.624 [HikariPool-1 connection adder] DEBUG com.zaxxer.hikari.pool.HikariPool - HikariPool-1 - Added connection com.mysql.cj.jdbc.ConnectionImpl@6c8e5d07
2020-02-27 15:56:47.117 [HikariPool-1 connection closer] DEBUG com.zaxxer.hikari.pool.PoolBase - HikariPool-1 - Closing connection com.mysql.cj.jdbc.ConnectionImpl@2d3f0555: (connection has passed maxLifetime)
2020-02-27 15:56:47.122 [HikariPool-1 connection adder] DEBUG com.zaxxer.hikari.pool.HikariPool - HikariPool-1 - Added connection com.mysql.cj.jdbc.ConnectionImpl@5be3bd53
2020-02-27 15:57:01.123 [HikariPool-1 housekeeper] DEBUG com.zaxxer.hikari.pool.HikariPool - HikariPool-1 - Pool stats (total=10, active=0, idle=10, waiting=0)
2020-02-27 15:57:31.124 [HikariPool-1 housekeeper] DEBUG com.zaxxer.hikari.pool.HikariPool - HikariPool-1 - Pool stats (total=10, active=0, idle=10, waiting=0)
2020-02-27 15:58:01.126 [HikariPool-1 housekeeper] DEBUG com.zaxxer.hikari.pool.HikariPool - HikariPool-1 - Pool stats (total=10, active=0, idle=10, waiting=0)
2020-02-27 15:58:31.127 [HikariPool-1 housekeeper] DEBUG com.zaxxer.hikari.pool.HikariPool - HikariPool-1 - Pool stats (total=10, active=0, idle=10, waiting=0)
2020-02-27 15:59:01.129 [HikariPool-1 housekeeper] DEBUG com.zaxxer.hikari.pool.HikariPool - HikariPool-1 - Pool stats (total=10, active=0, idle=10, waiting=0)
2020-02-27 15:59:31.131 [HikariPool-1 housekeeper] DEBUG com.zaxxer.hikari.pool.HikariPool - HikariPool-1 - Pool stats (total=10, active=0, idle=10, waiting=0)
2020-02-27 16:00:01.132 [HikariPool-1 housekeeper] DEBUG com.zaxxer.hikari.pool.HikariPool - HikariPool-1 - Pool stats (total=10, active=0, idle=10, waiting=0)
2020-02-27 16:00:31.134 [HikariPool-1 housekeeper] DEBUG com.zaxxer.hikari.pool.HikariPool - HikariPool-1 - Pool stats (total=10, active=0, idle=10, waiting=0)
2020-02-27 16:01:01.136 [HikariPool-1 housekeeper] DEBUG com.zaxxer.hikari.pool.HikariPool - HikariPool-1 - Pool stats (total=10, active=0, idle=10, waiting=0)
2020-02-27 16:01:31.138 [HikariPool-1 housekeeper] DEBUG com.zaxxer.hikari.pool.HikariPool - HikariPool-1 - Pool stats (total=10, active=0, idle=10, waiting=0)
2020-02-27 16:02:01.138 [HikariPool-1 housekeeper] DEBUG com.zaxxer.hikari.pool.HikariPool - HikariPool-1 - Pool stats (total=10, active=0, idle=10, waiting=0)
2020-02-27 16:02:31.139 [HikariPool-1 housekeeper] DEBUG com.zaxxer.hikari.pool.HikariPool - HikariPool-1 - Pool stats (total=10, active=0, idle=10, waiting=0)
2020-02-27 16:03:01.141 [HikariPool-1 housekeeper] DEBUG com.zaxxer.hikari.pool.HikariPool - HikariPool-1 - Pool stats (total=10, active=0, idle=10, waiting=0)
2020-02-27 16:03:31.143 [HikariPool-1 housekeeper] DEBUG com.zaxxer.hikari.pool.HikariPool - HikariPool-1 - Pool stats (total=10, active=0, idle=10, waiting=0)
2020-02-27 16:04:01.144 [HikariPool-1 housekeeper] DEBUG com.zaxxer.hikari.pool.HikariPool - HikariPool-1 - Pool stats (total=10, active=0, idle=10, waiting=0)
2020-02-27 16:04:31.145 [HikariPool-1 housekeeper] DEBUG com.zaxxer.hikari.pool.HikariPool - HikariPool-1 - Pool stats (total=10, active=0, idle=10, waiting=0)
2020-02-27 16:05:01.146 [HikariPool-1 housekeeper] DEBUG com.zaxxer.hikari.pool.HikariPool - HikariPool-1 - Pool stats (total=10, active=0, idle=10, waiting=0)
2020-02-27 16:05:31.148 [HikariPool-1 housekeeper] DEBUG com.zaxxer.hikari.pool.HikariPool - HikariPool-1 - Pool stats (total=10, active=0, idle=10, waiting=0)
2020-02-27 16:06:01.150 [HikariPool-1 housekeeper] DEBUG com.zaxxer.hikari.pool.HikariPool - HikariPool-1 - Pool stats (total=10, active=0, idle=10, waiting=0)
2020-02-27 16:06:31.151 [HikariPool-1 housekeeper] DEBUG com.zaxxer.hikari.pool.HikariPool - HikariPool-1 - Pool stats (total=10, active=0, idle=10, waiting=0)
2020-02-27 16:07:01.152 [HikariPool-1 housekeeper] DEBUG com.zaxxer.hikari.pool.HikariPool - HikariPool-1 - Pool stats (total=10, active=0, idle=10, waiting=0)
2020-02-27 16:07:31.155 [HikariPool-1 housekeeper] DEBUG com.zaxxer.hikari.pool.HikariPool - HikariPool-1 - Pool stats (total=10, active=0, idle=10, waiting=0)
2020-02-27 16:08:01.156 [HikariPool-1 housekeeper] DEBUG com.zaxxer.hikari.pool.HikariPool - HikariPool-1 - Pool stats (total=10, active=0, idle=10, waiting=0)
2020-02-27 16:08:31.158 [HikariPool-1 housekeeper] DEBUG com.zaxxer.hikari.pool.HikariPool - HikariPool-1 - Pool stats (total=10, active=0, idle=10, waiting=0)
2020-02-27 16:09:01.159 [HikariPool-1 housekeeper] DEBUG com.zaxxer.hikari.pool.HikariPool - HikariPool-1 - Pool stats (total=10, active=0, idle=10, waiting=0)
2020-02-27 16:09:31.161 [HikariPool-1 housekeeper] DEBUG com.zaxxer.hikari.pool.HikariPool - HikariPool-1 - Pool stats (total=10, active=0, idle=10, waiting=0)
2020-02-27 16:10:01.163 [HikariPool-1 housekeeper] DEBUG com.zaxxer.hikari.pool.HikariPool - HikariPool-1 - Pool stats (total=10, active=0, idle=10, waiting=0)
2020-02-27 16:10:31.164 [HikariPool-1 housekeeper] DEBUG com.zaxxer.hikari.pool.HikariPool - HikariPool-1 - Pool stats (total=10, active=0, idle=10, waiting=0)
2020-02-27 16:11:01.166 [HikariPool-1 housekeeper] DEBUG com.zaxxer.hikari.pool.HikariPool - HikariPool-1 - Pool stats (total=10, active=0, idle=10, waiting=0)
2020-02-27 16:11:31.168 [HikariPool-1 housekeeper] DEBUG com.zaxxer.hikari.pool.HikariPool - HikariPool-1 - Pool stats (total=10, active=0, idle=10, waiting=0)
2020-02-27 16:12:01.169 [HikariPool-1 housekeeper] DEBUG com.zaxxer.hikari.pool.HikariPool - HikariPool-1 - Pool stats (total=10, active=0, idle=10, waiting=0)
2020-02-27 16:12:31.171 [HikariPool-1 housekeeper] DEBUG com.zaxxer.hikari.pool.HikariPool - HikariPool-1 - Pool stats (total=10, active=0, idle=10, waiting=0)
2020-02-27 16:13:01.173 [HikariPool-1 housekeeper] DEBUG com.zaxxer.hikari.pool.HikariPool - HikariPool-1 - Pool stats (total=10, active=0, idle=10, waiting=0)
2020-02-27 16:13:31.175 [HikariPool-1 housekeeper] DEBUG com.zaxxer.hikari.pool.HikariPool - HikariPool-1 - Pool stats (total=10, active=0, idle=10, waiting=0)
2020-02-27 16:14:01.177 [HikariPool-1 housekeeper] DEBUG com.zaxxer.hikari.pool.HikariPool - HikariPool-1 - Pool stats (total=10, active=0, idle=10, waiting=0)
2020-02-27 16:14:31.179 [HikariPool-1 housekeeper] DEBUG com.zaxxer.hikari.pool.HikariPool - HikariPool-1 - Pool stats (total=10, active=0, idle=10, waiting=0)
2020-02-27 16:15:01.193 [HikariPool-1 housekeeper] DEBUG com.zaxxer.hikari.pool.HikariPool - HikariPool-1 - Pool stats (total=10, active=0, idle=10, waiting=0)
